C:\Users\admin\source\repos\Examportal\examform\node_modules\@bcoe\v8-coverage\build\lib\_src\types.js
C:\Users\admin\source\repos\Examportal\examform\node_modules\@bcoe\v8-coverage\build\lib\_src\types.js.map
C:\Users\admin\source\repos\Examportal\examform\node_modules\@bcoe\v8-coverage\build\lib\_src\types.d.ts
C:\Users\admin\source\repos\Examportal\examform\node_modules\@bcoe\v8-coverage\build\lib\_src\compare.js
C:\Users\admin\source\repos\Examportal\examform\node_modules\@bcoe\v8-coverage\build\lib\_src\compare.js.map
C:\Users\admin\source\repos\Examportal\examform\node_modules\@bcoe\v8-coverage\build\lib\_src\compare.d.ts
C:\Users\admin\source\repos\Examportal\examform\node_modules\@bcoe\v8-coverage\build\lib\_src\ascii.js
C:\Users\admin\source\repos\Examportal\examform\node_modules\@bcoe\v8-coverage\build\lib\_src\ascii.js.map
C:\Users\admin\source\repos\Examportal\examform\node_modules\@bcoe\v8-coverage\build\lib\_src\ascii.d.ts
C:\Users\admin\source\repos\Examportal\examform\node_modules\@bcoe\v8-coverage\build\lib\_src\clone.js
C:\Users\admin\source\repos\Examportal\examform\node_modules\@bcoe\v8-coverage\build\lib\_src\clone.js.map
C:\Users\admin\source\repos\Examportal\examform\node_modules\@bcoe\v8-coverage\build\lib\_src\clone.d.ts
C:\Users\admin\source\repos\Examportal\examform\node_modules\@bcoe\v8-coverage\build\lib\_src\range-tree.js
C:\Users\admin\source\repos\Examportal\examform\node_modules\@bcoe\v8-coverage\build\lib\_src\range-tree.js.map
C:\Users\admin\source\repos\Examportal\examform\node_modules\@bcoe\v8-coverage\build\lib\_src\range-tree.d.ts
C:\Users\admin\source\repos\Examportal\examform\node_modules\@bcoe\v8-coverage\build\lib\_src\normalize.js
C:\Users\admin\source\repos\Examportal\examform\node_modules\@bcoe\v8-coverage\build\lib\_src\normalize.js.map
C:\Users\admin\source\repos\Examportal\examform\node_modules\@bcoe\v8-coverage\build\lib\_src\normalize.d.ts
C:\Users\admin\source\repos\Examportal\examform\node_modules\@bcoe\v8-coverage\build\lib\_src\merge.js
C:\Users\admin\source\repos\Examportal\examform\node_modules\@bcoe\v8-coverage\build\lib\_src\merge.js.map
C:\Users\admin\source\repos\Examportal\examform\node_modules\@bcoe\v8-coverage\build\lib\_src\merge.d.ts
C:\Users\admin\source\repos\Examportal\examform\node_modules\@bcoe\v8-coverage\build\lib\_src\index.js
C:\Users\admin\source\repos\Examportal\examform\node_modules\@bcoe\v8-coverage\build\lib\_src\index.js.map
C:\Users\admin\source\repos\Examportal\examform\node_modules\@bcoe\v8-coverage\build\lib\_src\index.d.ts
